<?xml version="1.0" encoding="UTF-8"?>
<coverage generated="1772066561040" clover="3.2.0">
  <project timestamp="1772066561041" name="All files">
    <metrics statements="31" coveredstatements="18" conditionals="7" coveredconditionals="3" methods="25" coveredmethods="14" elements="63" coveredelements="35" complexity="0" loc="31" ncloc="31" packages="2" files="4" classes="4"/>
    <package name="ai">
      <metrics statements="7" coveredstatements="6" conditionals="3" coveredconditionals="2" methods="5" coveredmethods="5"/>
      <file name="engine.js" path="C:\Users\mishr\OneDrive\AIANKUR\AIANKUR\src\ai\engine.js">
        <metrics statements="7" coveredstatements="6" conditionals="3" coveredconditionals="2" methods="5" coveredmethods="5"/>
        <line num="5" count="1" type="stmt"/>
        <line num="12" count="2" type="stmt"/>
        <line num="13" count="2" type="stmt"/>
        <line num="17" count="1" type="stmt"/>
        <line num="21" count="1" type="cond" truecount="1" falsecount="1"/>
        <line num="22" count="0" type="stmt"/>
        <line num="26" count="1" type="stmt"/>
      </file>
    </package>
    <package name="core">
      <metrics statements="24" coveredstatements="12" conditionals="4" coveredconditionals="1" methods="20" coveredmethods="9"/>
      <file name="android.js" path="C:\Users\mishr\OneDrive\AIANKUR\AIANKUR\src\core\android.js">
        <metrics statements="8" coveredstatements="2" conditionals="0" coveredconditionals="0" methods="8" coveredmethods="2"/>
        <line num="6" count="1" type="stmt"/>
        <line num="15" count="0" type="stmt"/>
        <line num="21" count="0" type="stmt"/>
        <line num="32" count="1" type="stmt"/>
        <line num="37" count="0" type="stmt"/>
        <line num="42" count="0" type="stmt"/>
        <line num="47" count="0" type="stmt"/>
        <line num="52" count="0" type="stmt"/>
      </file>
      <file name="auth.js" path="C:\Users\mishr\OneDrive\AIANKUR\AIANKUR\src\core\auth.js">
        <metrics statements="10" coveredstatements="8" conditionals="4" coveredconditionals="1" methods="6" coveredmethods="5"/>
        <line num="6" count="1" type="stmt"/>
        <line num="9" count="5" type="stmt"/>
        <line num="13" count="1" type="stmt"/>
        <line num="17" count="2" type="stmt"/>
        <line num="21" count="2" type="stmt"/>
        <line num="22" count="2" type="cond" truecount="1" falsecount="1"/>
        <line num="23" count="2" type="stmt"/>
        <line num="27" count="1" type="stmt"/>
        <line num="32" count="0" type="cond" truecount="0" falsecount="2"/>
        <line num="33" count="0" type="stmt"/>
      </file>
      <file name="iphone.js" path="C:\Users\mishr\OneDrive\AIANKUR\AIANKUR\src\core\iphone.js">
        <metrics statements="6" coveredstatements="2" conditionals="0" coveredconditionals="0" methods="6" coveredmethods="2"/>
        <line num="6" count="1" type="stmt"/>
        <line num="20" count="1" type="stmt"/>
        <line num="25" count="0" type="stmt"/>
        <line num="30" count="0" type="stmt"/>
        <line num="35" count="0" type="stmt"/>
        <line num="40" count="0" type="stmt"/>
      </file>
    </package>
  </project>
</coverage>
