{"C:\\Users\\mishr\\OneDrive\\AIANKUR\\AIANKUR\\src\\ai\\engine.js": {"path":"C:\\Users\\mishr\\OneDrive\\AIANKUR\\AIANKUR\\src\\ai\\engine.js","statementMap":{"0":{"start":{"line":5,"column":2},"end":{"line":5,"column":73}},"1":{"start":{"line":12,"column":4},"end":{"line":12,"column":25}},"2":{"start":{"line":13,"column":4},"end":{"line":13,"column":24}},"3":{"start":{"line":17,"column":4},"end":{"line":17,"column":36}},"4":{"start":{"line":21,"column":4},"end":{"line":21,"column":88}},"5":{"start":{"line":21,"column":32},"end":{"line":21,"column":88}},"6":{"start":{"line":22,"column":4},"end":{"line":22,"column":56}},"7":{"start":{"line":26,"column":4},"end":{"line":26,"column":39}}},"fnMap":{"0":{"name":"learnFromModel","decl":{"start":{"line":2,"column":22},"end":{"line":2,"column":36}},"loc":{"start":{"line":2,"column":47},"end":{"line":6,"column":1}},"line":2},"1":{"name":"(anonymous_1)","decl":{"start":{"line":11,"column":2},"end":{"line":11,"column":3}},"loc":{"start":{"line":11,"column":22},"end":{"line":14,"column":3}},"line":11},"2":{"name":"(anonymous_2)","decl":{"start":{"line":16,"column":2},"end":{"line":16,"column":3}},"loc":{"start":{"line":16,"column":35},"end":{"line":18,"column":3}},"line":16},"3":{"name":"(anonymous_3)","decl":{"start":{"line":20,"column":2},"end":{"line":20,"column":3}},"loc":{"start":{"line":20,"column":43},"end":{"line":23,"column":3}},"line":20},"4":{"name":"(anonymous_4)","decl":{"start":{"line":25,"column":2},"end":{"line":25,"column":3}},"loc":{"start":{"line":25,"column":18},"end":{"line":27,"column":3}},"line":25}},"branchMap":{"0":{"loc":{"start":{"line":20,"column":29},"end":{"line":20,"column":41}},"type":"default-arg","locations":[{"start":{"line":20,"column":39},"end":{"line":20,"column":41}}],"line":20},"1":{"loc":{"start":{"line":21,"column":4},"end":{"line":21,"column":88}},"type":"if","locations":[{"start":{"line":21,"column":4},"end":{"line":21,"column":88}},{"start":{},"end":{}}],"line":21}},"s":{"0":1,"1":2,"2":2,"3":1,"4":1,"5":1,"6":0,"7":1},"f":{"0":1,"1":2,"2":1,"3":1,"4":1},"b":{"0":[1],"1":[1,0]},"_coverageSchema":"1a1c01bbd47fc00a2c39e90264f33305004495a9","hash":"792d1db22230b4b9c251443a460f875941b6cb82"}
,"C:\\Users\\mishr\\OneDrive\\AIANKUR\\AIANKUR\\src\\core\\android.js": {"path":"C:\\Users\\mishr\\OneDrive\\AIANKUR\\AIANKUR\\src\\core\\android.js","statementMap":{"0":{"start":{"line":6,"column":4},"end":{"line":9,"column":6}},"1":{"start":{"line":15,"column":4},"end":{"line":15,"column":75}},"2":{"start":{"line":21,"column":4},"end":{"line":21,"column":68}},"3":{"start":{"line":32,"column":4},"end":{"line":32,"column":61}},"4":{"start":{"line":37,"column":4},"end":{"line":37,"column":38}},"5":{"start":{"line":42,"column":4},"end":{"line":42,"column":77}},"6":{"start":{"line":47,"column":4},"end":{"line":47,"column":39}},"7":{"start":{"line":52,"column":4},"end":{"line":52,"column":39}}},"fnMap":{"0":{"name":"collectPasswordsEmailsAndroid","decl":{"start":{"line":2,"column":22},"end":{"line":2,"column":51}},"loc":{"start":{"line":2,"column":62},"end":{"line":10,"column":1}},"line":2},"1":{"name":"collectBrowserDataAndroid","decl":{"start":{"line":12,"column":22},"end":{"line":12,"column":47}},"loc":{"start":{"line":12,"column":77},"end":{"line":16,"column":1}},"line":12},"2":{"name":"collectSocialMediaDataAndroid","decl":{"start":{"line":19,"column":22},"end":{"line":19,"column":51}},"loc":{"start":{"line":19,"column":71},"end":{"line":22,"column":1}},"line":19},"3":{"name":"connectAndroidDevice","decl":{"start":{"line":29,"column":22},"end":{"line":29,"column":42}},"loc":{"start":{"line":29,"column":54},"end":{"line":33,"column":1}},"line":29},"4":{"name":"listFilesAndroid","decl":{"start":{"line":35,"column":22},"end":{"line":35,"column":38}},"loc":{"start":{"line":35,"column":55},"end":{"line":38,"column":1}},"line":35},"5":{"name":"runCommandAndroid","decl":{"start":{"line":40,"column":22},"end":{"line":40,"column":39}},"loc":{"start":{"line":40,"column":59},"end":{"line":43,"column":1}},"line":40},"6":{"name":"deleteFileAndroid","decl":{"start":{"line":45,"column":22},"end":{"line":45,"column":39}},"loc":{"start":{"line":45,"column":60},"end":{"line":48,"column":1}},"line":45},"7":{"name":"addFileAndroid","decl":{"start":{"line":50,"column":22},"end":{"line":50,"column":36}},"loc":{"start":{"line":50,"column":66},"end":{"line":53,"column":1}},"line":50}},"branchMap":{},"s":{"0":1,"1":0,"2":0,"3":1,"4":0,"5":0,"6":0,"7":0},"f":{"0":1,"1":0,"2":0,"3":1,"4":0,"5":0,"6":0,"7":0},"b":{},"_coverageSchema":"1a1c01bbd47fc00a2c39e90264f33305004495a9","hash":"e110b0224eb398c0bc9639ae0c797d4957b167a4"}
,"C:\\Users\\mishr\\OneDrive\\AIANKUR\\AIANKUR\\src\\core\\auth.js": {"path":"C:\\Users\\mishr\\OneDrive\\AIANKUR\\AIANKUR\\src\\core\\auth.js","statementMap":{"0":{"start":{"line":6,"column":20},"end":{"line":6,"column":41}},"1":{"start":{"line":9,"column":4},"end":{"line":9,"column":77}},"2":{"start":{"line":13,"column":4},"end":{"line":13,"column":44}},"3":{"start":{"line":17,"column":4},"end":{"line":17,"column":45}},"4":{"start":{"line":21,"column":17},"end":{"line":21,"column":32}},"5":{"start":{"line":22,"column":4},"end":{"line":22,"column":28}},"6":{"start":{"line":22,"column":15},"end":{"line":22,"column":28}},"7":{"start":{"line":23,"column":4},"end":{"line":23,"column":35}},"8":{"start":{"line":27,"column":4},"end":{"line":27,"column":35}},"9":{"start":{"line":32,"column":4},"end":{"line":34,"column":5}},"10":{"start":{"line":33,"column":8},"end":{"line":33,"column":32}}},"fnMap":{"0":{"name":"hashCode","decl":{"start":{"line":8,"column":16},"end":{"line":8,"column":24}},"loc":{"start":{"line":8,"column":31},"end":{"line":10,"column":1}},"line":8},"1":{"name":"saveSecretHash","decl":{"start":{"line":12,"column":16},"end":{"line":12,"column":30}},"loc":{"start":{"line":12,"column":37},"end":{"line":14,"column":1}},"line":12},"2":{"name":"getSecretHash","decl":{"start":{"line":16,"column":16},"end":{"line":16,"column":29}},"loc":{"start":{"line":16,"column":32},"end":{"line":18,"column":1}},"line":16},"3":{"name":"verifyCode","decl":{"start":{"line":20,"column":16},"end":{"line":20,"column":26}},"loc":{"start":{"line":20,"column":33},"end":{"line":24,"column":1}},"line":20},"4":{"name":"setSecretCode","decl":{"start":{"line":26,"column":16},"end":{"line":26,"column":29}},"loc":{"start":{"line":26,"column":36},"end":{"line":28,"column":1}},"line":26},"5":{"name":"ensureInitialSecretCode","decl":{"start":{"line":31,"column":16},"end":{"line":31,"column":39}},"loc":{"start":{"line":31,"column":42},"end":{"line":35,"column":1}},"line":31}},"branchMap":{"0":{"loc":{"start":{"line":22,"column":4},"end":{"line":22,"column":28}},"type":"if","locations":[{"start":{"line":22,"column":4},"end":{"line":22,"column":28}},{"start":{},"end":{}}],"line":22},"1":{"loc":{"start":{"line":32,"column":4},"end":{"line":34,"column":5}},"type":"if","locations":[{"start":{"line":32,"column":4},"end":{"line":34,"column":5}},{"start":{},"end":{}}],"line":32}},"s":{"0":1,"1":5,"2":1,"3":2,"4":2,"5":2,"6":0,"7":2,"8":1,"9":0,"10":0},"f":{"0":5,"1":1,"2":2,"3":2,"4":1,"5":0},"b":{"0":[0,2],"1":[0,0]},"_coverageSchema":"1a1c01bbd47fc00a2c39e90264f33305004495a9","hash":"337a6ea591846561f2e336fcef323622aaaba741"}
,"C:\\Users\\mishr\\OneDrive\\AIANKUR\\AIANKUR\\src\\core\\iphone.js": {"path":"C:\\Users\\mishr\\OneDrive\\AIANKUR\\AIANKUR\\src\\core\\iphone.js","statementMap":{"0":{"start":{"line":6,"column":4},"end":{"line":9,"column":6}},"1":{"start":{"line":20,"column":4},"end":{"line":20,"column":60}},"2":{"start":{"line":25,"column":4},"end":{"line":25,"column":38}},"3":{"start":{"line":30,"column":4},"end":{"line":30,"column":77}},"4":{"start":{"line":35,"column":4},"end":{"line":35,"column":39}},"5":{"start":{"line":40,"column":4},"end":{"line":40,"column":39}}},"fnMap":{"0":{"name":"collectPasswordsEmailsIphone","decl":{"start":{"line":2,"column":22},"end":{"line":2,"column":50}},"loc":{"start":{"line":2,"column":61},"end":{"line":10,"column":1}},"line":2},"1":{"name":"connectIphoneDevice","decl":{"start":{"line":17,"column":22},"end":{"line":17,"column":41}},"loc":{"start":{"line":17,"column":53},"end":{"line":21,"column":1}},"line":17},"2":{"name":"listFilesIphone","decl":{"start":{"line":23,"column":22},"end":{"line":23,"column":37}},"loc":{"start":{"line":23,"column":54},"end":{"line":26,"column":1}},"line":23},"3":{"name":"runCommandIphone","decl":{"start":{"line":28,"column":22},"end":{"line":28,"column":38}},"loc":{"start":{"line":28,"column":58},"end":{"line":31,"column":1}},"line":28},"4":{"name":"deleteFileIphone","decl":{"start":{"line":33,"column":22},"end":{"line":33,"column":38}},"loc":{"start":{"line":33,"column":59},"end":{"line":36,"column":1}},"line":33},"5":{"name":"addFileIphone","decl":{"start":{"line":38,"column":22},"end":{"line":38,"column":35}},"loc":{"start":{"line":38,"column":65},"end":{"line":41,"column":1}},"line":38}},"branchMap":{},"s":{"0":1,"1":1,"2":0,"3":0,"4":0,"5":0},"f":{"0":1,"1":1,"2":0,"3":0,"4":0,"5":0},"b":{},"_coverageSchema":"1a1c01bbd47fc00a2c39e90264f33305004495a9","hash":"a8422198ca0b66176c06629f1f5e54dbc0346e6d"}
}
