TN:
SF:AIANKUR\src\ai\engine.js
FN:2,learnFromModel
FN:11,(anonymous_1)
FN:16,(anonymous_2)
FN:20,(anonymous_3)
FN:25,(anonymous_4)
FNF:5
FNH:5
FNDA:1,learnFromModel
FNDA:2,(anonymous_1)
FNDA:1,(anonymous_2)
FNDA:1,(anonymous_3)
FNDA:1,(anonymous_4)
DA:5,1
DA:12,2
DA:13,2
DA:17,1
DA:21,1
DA:22,0
DA:26,1
LF:7
LH:6
BRDA:20,0,0,1
BRDA:21,1,0,1
BRDA:21,1,1,0
BRF:3
BRH:2
end_of_record
TN:
SF:AIANKUR\src\core\android.js
FN:2,collectPasswordsEmailsAndroid
FN:12,collectBrowserDataAndroid
FN:19,collectSocialMediaDataAndroid
FN:29,connectAndroidDevice
FN:35,listFilesAndroid
FN:40,runCommandAndroid
FN:45,deleteFileAndroid
FN:50,addFileAndroid
FNF:8
FNH:2
FNDA:1,collectPasswordsEmailsAndroid
FNDA:0,collectBrowserDataAndroid
FNDA:0,collectSocialMediaDataAndroid
FNDA:1,connectAndroidDevice
FNDA:0,listFilesAndroid
FNDA:0,runCommandAndroid
FNDA:0,deleteFileAndroid
FNDA:0,addFileAndroid
DA:6,1
DA:15,0
DA:21,0
DA:32,1
DA:37,0
DA:42,0
DA:47,0
DA:52,0
LF:8
LH:2
BRF:0
BRH:0
end_of_record
TN:
SF:AIANKUR\src\core\auth.js
FN:8,hashCode
FN:12,saveSecretHash
FN:16,getSecretHash
FN:20,verifyCode
FN:26,setSecretCode
FN:31,ensureInitialSecretCode
FNF:6
FNH:5
FNDA:5,hashCode
FNDA:1,saveSecretHash
FNDA:2,getSecretHash
FNDA:2,verifyCode
FNDA:1,setSecretCode
FNDA:0,ensureInitialSecretCode
DA:6,1
DA:9,5
DA:13,1
DA:17,2
DA:21,2
DA:22,2
DA:23,2
DA:27,1
DA:32,0
DA:33,0
LF:10
LH:8
BRDA:22,0,0,0
BRDA:22,0,1,2
BRDA:32,1,0,0
BRDA:32,1,1,0
BRF:4
BRH:1
end_of_record
TN:
SF:AIANKUR\src\core\iphone.js
FN:2,collectPasswordsEmailsIphone
FN:17,connectIphoneDevice
FN:23,listFilesIphone
FN:28,runCommandIphone
FN:33,deleteFileIphone
FN:38,addFileIphone
FNF:6
FNH:2
FNDA:1,collectPasswordsEmailsIphone
FNDA:1,connectIphoneDevice
FNDA:0,listFilesIphone
FNDA:0,runCommandIphone
FNDA:0,deleteFileIphone
FNDA:0,addFileIphone
DA:6,1
DA:20,1
DA:25,0
DA:30,0
DA:35,0
DA:40,0
LF:6
LH:2
BRF:0
BRH:0
end_of_record
